<?xml version="1.0" encoding="UTF-8"?>
<testng-results skipped="0" failed="2" total="3" passed="1">
  <reporter-output>
    <line>
      <![CDATA[Failed]]>
    </line>
    <line>
      <![CDATA[Failed]]>
    </line>
  </reporter-output>
  <suite name="Surefire suite" duration-ms="361526" started-at="2016-08-29T07:19:12Z" finished-at="2016-08-29T07:25:13Z">
    <groups>
    </groups>
    <test name="Surefire test" duration-ms="361526" started-at="2016-08-29T07:19:12Z" finished-at="2016-08-29T07:25:13Z">
      <class name="com.shopclues.scripts.PlaceOrderTest">
        <test-method status="PASS" signature="driverSetup()[pri:0, instance:com.shopclues.scripts.PlaceOrderTest@3cda1055]" name="driverSetup" is-config="true" duration-ms="193692" started-at="2016-08-29T12:49:12Z" finished-at="2016-08-29T12:52:26Z">
          <reporter-output>
          </reporter-output>
        </test-method> <!-- driverSetup -->
        <test-method status="PASS" signature="launchApp()[pri:0, instance:com.shopclues.scripts.PlaceOrderTest@3cda1055]" name="launchApp" is-config="true" duration-ms="8263" started-at="2016-08-29T12:52:26Z" finished-at="2016-08-29T12:52:34Z">
          <reporter-output>
          </reporter-output>
        </test-method> <!-- launchApp -->
        <test-method status="PASS" signature="launchApp()[pri:0, instance:com.shopclues.scripts.PlaceOrderTest@3cda1055]" name="launchApp" is-config="true" duration-ms="4323" started-at="2016-08-29T12:52:26Z" finished-at="2016-08-29T12:52:30Z">
          <reporter-output>
          </reporter-output>
        </test-method> <!-- launchApp -->
        <test-method status="FAIL" signature="testAddProducttoCart()[pri:0, instance:com.shopclues.scripts.PlaceOrderTest@3cda1055]" name="testAddProducttoCart" duration-ms="35356" started-at="2016-08-29T12:52:30Z" description="Click a product from deal present on home page and add that product in cart." finished-at="2016-08-29T12:53:05Z">
          <exception class="org.openqa.selenium.WebDriverException">
            <message>
              <![CDATA[An unknown server-side error occurred while processing the command. (WARNING: The server did not provide any stacktrace information)
Command duration or timeout: 2.58 seconds
Build info: version: '2.53.0', revision: '35ae25b1534ae328c771e0856c93e187490ca824', time: '2016-03-15 10:43:46'
System info: host: 'CBT-Project1', ip: '10.10.10.198', os.name: 'Windows 8.1', os.arch: 'amd64', os.version: '6.3', java.version: '1.8.0_73'
Driver info: io.appium.java_client.android.AndroidDriver
Capabilities [{appPackage=com.shopclues, noReset=true, webdriver.remote.quietExceptions=true, deviceName=emulator-5554, platform=LINUX, deviceUDID=emulator-5554, desired={app=/tmp/tmpl136xN/Shopclues.apk, proxy={proxyAutoconfigUrl=http://127.0.0.1:19876/pac.js, proxyType=PAC}, orientation=PORTRAIT, noReset=true, newCommandTimeout=75, platformVersion=5.0, webdriver.remote.quietExceptions=true, udid=emulator-5554, platformName=Android, deviceName=Android Emulator}, newCommandTimeout=75, platformVersion=5.0.2, webStorageEnabled=false, takesScreenshot=true, javascriptEnabled=true, platformName=Android, udid=emulator-5554, app=/tmp/tmpl136xN/Shopclues.apk, orientation=PORTRAIT, networkConnectionEnabled=true, warnings={}, appWaitPackage=com.shopclues, appWaitActivity=com.shopclues.SplashActivity, hasMetadata=true, databaseEnabled=false, appActivity=com.shopclues.SplashActivity, proxy={proxyAutoconfigUrl=http://127.0.0.1:19876/pac.js, proxyType=PAC}, webdriver.remote.sessionid=6bf32b67eba546cca770ffca474aa5bf, locationContextEnabled=false}]
Session ID: 6bf32b67eba546cca770ffca474aa5bf]]>
            </message>
            <full-stacktrace>
              <![CDATA[org.openqa.selenium.WebDriverException: An unknown server-side error occurred while processing the command. (WARNING: The server did not provide any stacktrace information)
Command duration or timeout: 2.58 seconds
Build info: version: '2.53.0', revision: '35ae25b1534ae328c771e0856c93e187490ca824', time: '2016-03-15 10:43:46'
System info: host: 'CBT-Project1', ip: '10.10.10.198', os.name: 'Windows 8.1', os.arch: 'amd64', os.version: '6.3', java.version: '1.8.0_73'
Driver info: io.appium.java_client.android.AndroidDriver
Capabilities [{appPackage=com.shopclues, noReset=true, webdriver.remote.quietExceptions=true, deviceName=emulator-5554, platform=LINUX, deviceUDID=emulator-5554, desired={app=/tmp/tmpl136xN/Shopclues.apk, proxy={proxyAutoconfigUrl=http://127.0.0.1:19876/pac.js, proxyType=PAC}, orientation=PORTRAIT, noReset=true, newCommandTimeout=75, platformVersion=5.0, webdriver.remote.quietExceptions=true, udid=emulator-5554, platformName=Android, deviceName=Android Emulator}, newCommandTimeout=75, platformVersion=5.0.2, webStorageEnabled=false, takesScreenshot=true, javascriptEnabled=true, platformName=Android, udid=emulator-5554, app=/tmp/tmpl136xN/Shopclues.apk, orientation=PORTRAIT, networkConnectionEnabled=true, warnings={}, appWaitPackage=com.shopclues, appWaitActivity=com.shopclues.SplashActivity, hasMetadata=true, databaseEnabled=false, appActivity=com.shopclues.SplashActivity, proxy={proxyAutoconfigUrl=http://127.0.0.1:19876/pac.js, proxyType=PAC}, webdriver.remote.sessionid=6bf32b67eba546cca770ffca474aa5bf, locationContextEnabled=false}]
Session ID: 6bf32b67eba546cca770ffca474aa5bf
	at sun.reflect.NativeConstructorAccessorImpl.newInstance0(Native Method)
	at sun.reflect.NativeConstructorAccessorImpl.newInstance(NativeConstructorAccessorImpl.java:62)
	at sun.reflect.DelegatingConstructorAccessorImpl.newInstance(DelegatingConstructorAccessorImpl.java:45)
	at java.lang.reflect.Constructor.newInstance(Constructor.java:422)
	at org.openqa.selenium.remote.ErrorHandler.createThrowable(ErrorHandler.java:206)
	at org.openqa.selenium.remote.ErrorHandler.throwIfResponseFailed(ErrorHandler.java:158)
	at org.openqa.selenium.remote.RemoteWebDriver.execute(RemoteWebDriver.java:678)
	at io.appium.java_client.DefaultGenericMobileDriver.execute(DefaultGenericMobileDriver.java:27)
	at io.appium.java_client.AppiumDriver.execute(AppiumDriver.java:1)
	at io.appium.java_client.android.AndroidDriver.execute(AndroidDriver.java:1)
	at io.appium.java_client.AppiumDriver.performTouchAction(AppiumDriver.java:380)
	at io.appium.java_client.TouchAction.perform(TouchAction.java:302)
	at io.appium.java_client.AppiumDriver.swipe(AppiumDriver.java:435)
	at com.shopclues.po.HomePo.scrollDown(HomePo.java:726)
	at com.shopclues.scripts.PlaceOrderTest.testAddProducttoCart(PlaceOrderTest.java:38)
	at sun.reflect.NativeMethodAccessorImpl.invoke0(Native Method)
	at sun.reflect.NativeMethodAccessorImpl.invoke(NativeMethodAccessorImpl.java:62)
	at sun.reflect.DelegatingMethodAccessorImpl.invoke(DelegatingMethodAccessorImpl.java:43)
	at java.lang.reflect.Method.invoke(Method.java:497)
	at org.testng.internal.MethodInvocationHelper.invokeMethod(MethodInvocationHelper.java:80)
	at org.testng.internal.Invoker.invokeMethod(Invoker.java:714)
	at org.testng.internal.Invoker.invokeTestMethod(Invoker.java:901)
	at org.testng.internal.Invoker.invokeTestMethods(Invoker.java:1231)
	at org.testng.internal.TestMethodWorker.invokeTestMethods(TestMethodWorker.java:127)
	at org.testng.internal.TestMethodWorker.run(TestMethodWorker.java:111)
	at java.util.concurrent.ThreadPoolExecutor.runWorker(ThreadPoolExecutor.java:1142)
	at java.util.concurrent.ThreadPoolExecutor$Worker.run(ThreadPoolExecutor.java:617)
	at java.lang.Thread.run(Thread.java:745)
]]>
            </full-stacktrace>
          </exception> <!-- org.openqa.selenium.WebDriverException -->
          <reporter-output>
            <line>
              <![CDATA[Failed]]>
            </line>
          </reporter-output>
        </test-method> <!-- testAddProducttoCart -->
        <test-method status="PASS" signature="testSearchResult()[pri:0, instance:com.shopclues.scripts.PlaceOrderTest@3cda1055]" name="testSearchResult" duration-ms="92675" started-at="2016-08-29T12:52:34Z" description="Search any product from home page and then verify search result shows the list of product." finished-at="2016-08-29T12:54:07Z">
          <reporter-output>
          </reporter-output>
        </test-method> <!-- testSearchResult -->
        <test-method status="PASS" signature="closeApp()[pri:0, instance:com.shopclues.scripts.PlaceOrderTest@3cda1055]" name="closeApp" is-config="true" duration-ms="955" started-at="2016-08-29T12:53:05Z" finished-at="2016-08-29T12:53:06Z">
          <reporter-output>
          </reporter-output>
        </test-method> <!-- closeApp -->
        <test-method status="PASS" signature="launchApp()[pri:0, instance:com.shopclues.scripts.PlaceOrderTest@3cda1055]" name="launchApp" is-config="true" duration-ms="63997" started-at="2016-08-29T12:53:06Z" finished-at="2016-08-29T12:54:10Z">
          <reporter-output>
          </reporter-output>
        </test-method> <!-- launchApp -->
        <test-method status="PASS" signature="closeApp()[pri:0, instance:com.shopclues.scripts.PlaceOrderTest@3cda1055]" name="closeApp" is-config="true" duration-ms="4616" started-at="2016-08-29T12:54:07Z" finished-at="2016-08-29T12:54:11Z">
          <reporter-output>
          </reporter-output>
        </test-method> <!-- closeApp -->
        <test-method status="FAIL" signature="testFilteredProdectList()[pri:0, instance:com.shopclues.scripts.PlaceOrderTest@3cda1055]" name="testFilteredProdectList" duration-ms="61275" started-at="2016-08-29T12:54:10Z" description="Apply filter on list of products displayed on product list page." finished-at="2016-08-29T12:55:12Z">
          <exception class="org.openqa.selenium.NoSuchElementException">
            <message>
              <![CDATA[An element could not be located on the page using the given search parameters. (WARNING: The server did not provide any stacktrace information)
Command duration or timeout: 61.22 seconds
For documentation on this error, please visit: http://seleniumhq.org/exceptions/no_such_element.html
Build info: version: '2.53.0', revision: '35ae25b1534ae328c771e0856c93e187490ca824', time: '2016-03-15 10:43:46'
System info: host: 'CBT-Project1', ip: '10.10.10.198', os.name: 'Windows 8.1', os.arch: 'amd64', os.version: '6.3', java.version: '1.8.0_73'
Driver info: io.appium.java_client.android.AndroidDriver
Capabilities [{appPackage=com.shopclues, noReset=true, webdriver.remote.quietExceptions=true, deviceName=emulator-5554, platform=LINUX, deviceUDID=emulator-5554, desired={app=/tmp/tmpl136xN/Shopclues.apk, proxy={proxyAutoconfigUrl=http://127.0.0.1:19876/pac.js, proxyType=PAC}, orientation=PORTRAIT, noReset=true, newCommandTimeout=75, platformVersion=5.0, webdriver.remote.quietExceptions=true, udid=emulator-5554, platformName=Android, deviceName=Android Emulator}, newCommandTimeout=75, platformVersion=5.0.2, webStorageEnabled=false, takesScreenshot=true, javascriptEnabled=true, platformName=Android, udid=emulator-5554, app=/tmp/tmpl136xN/Shopclues.apk, orientation=PORTRAIT, networkConnectionEnabled=true, warnings={}, appWaitPackage=com.shopclues, appWaitActivity=com.shopclues.SplashActivity, hasMetadata=true, databaseEnabled=false, appActivity=com.shopclues.SplashActivity, proxy={proxyAutoconfigUrl=http://127.0.0.1:19876/pac.js, proxyType=PAC}, webdriver.remote.sessionid=6bf32b67eba546cca770ffca474aa5bf, locationContextEnabled=false}]
Session ID: 6bf32b67eba546cca770ffca474aa5bf
*** Element info: {Using=id, value=com.shopclues:id/editText1}]]>
            </message>
            <full-stacktrace>
              <![CDATA[org.openqa.selenium.NoSuchElementException: An element could not be located on the page using the given search parameters. (WARNING: The server did not provide any stacktrace information)
Command duration or timeout: 61.22 seconds
For documentation on this error, please visit: http://seleniumhq.org/exceptions/no_such_element.html
Build info: version: '2.53.0', revision: '35ae25b1534ae328c771e0856c93e187490ca824', time: '2016-03-15 10:43:46'
System info: host: 'CBT-Project1', ip: '10.10.10.198', os.name: 'Windows 8.1', os.arch: 'amd64', os.version: '6.3', java.version: '1.8.0_73'
Driver info: io.appium.java_client.android.AndroidDriver
Capabilities [{appPackage=com.shopclues, noReset=true, webdriver.remote.quietExceptions=true, deviceName=emulator-5554, platform=LINUX, deviceUDID=emulator-5554, desired={app=/tmp/tmpl136xN/Shopclues.apk, proxy={proxyAutoconfigUrl=http://127.0.0.1:19876/pac.js, proxyType=PAC}, orientation=PORTRAIT, noReset=true, newCommandTimeout=75, platformVersion=5.0, webdriver.remote.quietExceptions=true, udid=emulator-5554, platformName=Android, deviceName=Android Emulator}, newCommandTimeout=75, platformVersion=5.0.2, webStorageEnabled=false, takesScreenshot=true, javascriptEnabled=true, platformName=Android, udid=emulator-5554, app=/tmp/tmpl136xN/Shopclues.apk, orientation=PORTRAIT, networkConnectionEnabled=true, warnings={}, appWaitPackage=com.shopclues, appWaitActivity=com.shopclues.SplashActivity, hasMetadata=true, databaseEnabled=false, appActivity=com.shopclues.SplashActivity, proxy={proxyAutoconfigUrl=http://127.0.0.1:19876/pac.js, proxyType=PAC}, webdriver.remote.sessionid=6bf32b67eba546cca770ffca474aa5bf, locationContextEnabled=false}]
Session ID: 6bf32b67eba546cca770ffca474aa5bf
*** Element info: {Using=id, value=com.shopclues:id/editText1}
	at sun.reflect.NativeConstructorAccessorImpl.newInstance0(Native Method)
	at sun.reflect.NativeConstructorAccessorImpl.newInstance(NativeConstructorAccessorImpl.java:62)
	at sun.reflect.DelegatingConstructorAccessorImpl.newInstance(DelegatingConstructorAccessorImpl.java:45)
	at java.lang.reflect.Constructor.newInstance(Constructor.java:422)
	at org.openqa.selenium.remote.ErrorHandler.createThrowable(ErrorHandler.java:206)
	at org.openqa.selenium.remote.ErrorHandler.throwIfResponseFailed(ErrorHandler.java:158)
	at org.openqa.selenium.remote.RemoteWebDriver.execute(RemoteWebDriver.java:678)
	at io.appium.java_client.DefaultGenericMobileDriver.execute(DefaultGenericMobileDriver.java:27)
	at io.appium.java_client.AppiumDriver.execute(AppiumDriver.java:1)
	at io.appium.java_client.android.AndroidDriver.execute(AndroidDriver.java:1)
	at org.openqa.selenium.remote.RemoteWebDriver.findElement(RemoteWebDriver.java:363)
	at org.openqa.selenium.remote.RemoteWebDriver.findElementById(RemoteWebDriver.java:413)
	at io.appium.java_client.DefaultGenericMobileDriver.findElementById(DefaultGenericMobileDriver.java:47)
	at io.appium.java_client.AppiumDriver.findElementById(AppiumDriver.java:1)
	at io.appium.java_client.android.AndroidDriver.findElementById(AndroidDriver.java:1)
	at org.openqa.selenium.By$ById.findElement(By.java:218)
	at org.openqa.selenium.remote.RemoteWebDriver.findElement(RemoteWebDriver.java:355)
	at io.appium.java_client.DefaultGenericMobileDriver.findElement(DefaultGenericMobileDriver.java:37)
	at io.appium.java_client.AppiumDriver.findElement(AppiumDriver.java:1)
	at io.appium.java_client.android.AndroidDriver.findElement(AndroidDriver.java:1)
	at org.openqa.selenium.support.pagefactory.DefaultElementLocator.findElement(DefaultElementLocator.java:69)
	at org.openqa.selenium.support.pagefactory.internal.LocatingElementHandler.invoke(LocatingElementHandler.java:38)
	at com.sun.proxy.$Proxy9.sendKeys(Unknown Source)
	at com.shopclues.scripts.PlaceOrderTest.testFilteredProdectList(PlaceOrderTest.java:90)
	at sun.reflect.NativeMethodAccessorImpl.invoke0(Native Method)
	at sun.reflect.NativeMethodAccessorImpl.invoke(NativeMethodAccessorImpl.java:62)
	at sun.reflect.DelegatingMethodAccessorImpl.invoke(DelegatingMethodAccessorImpl.java:43)
	at java.lang.reflect.Method.invoke(Method.java:497)
	at org.testng.internal.MethodInvocationHelper.invokeMethod(MethodInvocationHelper.java:80)
	at org.testng.internal.Invoker.invokeMethod(Invoker.java:714)
	at org.testng.internal.Invoker.invokeTestMethod(Invoker.java:901)
	at org.testng.internal.Invoker.invokeTestMethods(Invoker.java:1231)
	at org.testng.internal.TestMethodWorker.invokeTestMethods(TestMethodWorker.java:127)
	at org.testng.internal.TestMethodWorker.run(TestMethodWorker.java:111)
	at java.util.concurrent.ThreadPoolExecutor.runWorker(ThreadPoolExecutor.java:1142)
	at java.util.concurrent.ThreadPoolExecutor$Worker.run(ThreadPoolExecutor.java:617)
	at java.lang.Thread.run(Thread.java:745)
]]>
            </full-stacktrace>
          </exception> <!-- org.openqa.selenium.NoSuchElementException -->
          <reporter-output>
            <line>
              <![CDATA[Failed]]>
            </line>
          </reporter-output>
        </test-method> <!-- testFilteredProdectList -->
        <test-method status="PASS" signature="closeApp()[pri:0, instance:com.shopclues.scripts.PlaceOrderTest@3cda1055]" name="closeApp" is-config="true" duration-ms="1089" started-at="2016-08-29T12:55:12Z" finished-at="2016-08-29T12:55:13Z">
          <reporter-output>
          </reporter-output>
        </test-method> <!-- closeApp -->
        <test-method status="PASS" signature="tearDown()[pri:0, instance:com.shopclues.scripts.PlaceOrderTest@3cda1055]" name="tearDown" is-config="true" duration-ms="768" started-at="2016-08-29T12:55:13Z" finished-at="2016-08-29T12:55:13Z">
          <reporter-output>
          </reporter-output>
        </test-method> <!-- tearDown -->
      </class> <!-- com.shopclues.scripts.PlaceOrderTest -->
    </test> <!-- Surefire test -->
  </suite> <!-- Surefire suite -->
</testng-results>
